Using pre-set license
Built from '2020.3/staging' branch; Version is '2020.3.0f1 (c7b5465681fb) revision 13088070'; Using compiler version '192528614'; Build Type 'Release'
OS: 'Windows 10 Home; OS build 19041.928; Version 2004; 64bit' Language: 'pl' Physical Memory: 16325 MB
BatchMode: 1, IsHumanControllingUs: 0, StartBugReporterOnCrash: 0, Is64bit: 1, IsPro: 0

 COMMAND LINE ARGUMENTS:
D:\Program Files\Unity\2020.3.0f1\Editor\Unity.exe
-adb2
-batchMode
-noUpm
-name
AssetImportWorker0
-projectPath
C:/Users/mfnow/Desktop/Unity Frogger 2d/FroggerGame/Frogger
-logFile
Logs/AssetImportWorker0.log
-srvPort
64326
Successfully changed project path to: C:/Users/mfnow/Desktop/Unity Frogger 2d/FroggerGame/Frogger
C:/Users/mfnow/Desktop/Unity Frogger 2d/FroggerGame/Frogger
Using Asset Import Pipeline V2.
Refreshing native plugins compatible for Editor in 35.18 ms, found 1 plugins.
Preloading 0 native plugins for Editor in 0.00 ms.
Initialize engine version: 2020.3.0f1 (c7b5465681fb)
[Subsystems] Discovering subsystems at path D:/Program Files/Unity/2020.3.0f1/Editor/Data/Resources/UnitySubsystems
[Subsystems] Discovering subsystems at path C:/Users/mfnow/Desktop/Unity Frogger 2d/FroggerGame/Frogger/Assets
GfxDevice: creating device client; threaded=0
Direct3D:
    Version:  Direct3D 11.0 [level 11.1]
    Renderer: NVIDIA GeForce GTX 1070 Ti (ID=0x1b82)
    Vendor:   
    VRAM:     8079 MB
    Driver:   27.21.14.5671
Initialize mono
Mono path[0] = 'D:/Program Files/Unity/2020.3.0f1/Editor/Data/Managed'
Mono path[1] = 'D:/Program Files/Unity/2020.3.0f1/Editor/Data/MonoBleedingEdge/lib/mono/unityjit'
Mono config path = 'D:/Program Files/Unity/2020.3.0f1/Editor/Data/MonoBleedingEdge/etc'
Using monoOptions --debugger-agent=transport=dt_socket,embedding=1,server=y,suspend=n,address=127.0.0.1:56128
Begin MonoManager ReloadAssembly
Registering precompiled unity dll's ...
Register platform support module: D:/Program Files/Unity/2020.3.0f1/Editor/Data/PlaybackEngines/WindowsStandaloneSupport/UnityEditor.WindowsStandalone.Extensions.dll
Registered in 0.001142 seconds.
Native extension for WindowsStandalone target not found
Refreshing native plugins compatible for Editor in 32.13 ms, found 1 plugins.
Preloading 0 native plugins for Editor in 0.00 ms.
Invoked RoslynAnalysisRunner static constructor.
RoslynAnalysisRunner will not be running.
RoslynAnalysisRunner has terminated.
Mono: successfully reloaded assembly
- Completed reload, in  1.447 seconds
Platform modules already initialized, skipping
Registering precompiled user dll's ...
Registered in 0.001025 seconds.
Begin MonoManager ReloadAssembly
Native extension for WindowsStandalone target not found
Refreshing native plugins compatible for Editor in 43.14 ms, found 1 plugins.
Preloading 0 native plugins for Editor in 0.00 ms.
Invoked RoslynAnalysisRunner static constructor.
RoslynAnalysisRunner will not be running.
RoslynAnalysisRunner has terminated.
Mono: successfully reloaded assembly
- Completed reload, in  0.840 seconds
Platform modules already initialized, skipping
========================================================================
Worker process is ready to serve import requests
Launched and connected shader compiler UnityShaderCompiler.exe after 0.05 seconds
Refreshing native plugins compatible for Editor in 0.30 ms, found 1 plugins.
Preloading 0 native plugins for Editor in 0.00 ms.
Unloading 1863 Unused Serialized files (Serialized files now loaded: 0)
System memory in use before: 87.7 MB.
System memory in use after: 87.7 MB.

Unloading 24 unused Assets to reduce memory usage. Loaded Objects now: 2307.
Total: 1.976500 ms (FindLiveObjects: 0.161700 ms CreateObjectMapping: 0.250900 ms MarkObjects: 1.446100 ms  DeleteObjects: 0.116900 ms)

========================================================================
Received Prepare
Refreshing native plugins compatible for Editor in 1.95 ms, found 1 plugins.
Preloading 0 native plugins for Editor in 0.00 ms.
Unloading 10 Unused Serialized files (Serialized files now loaded: 0)
System memory in use before: 50.2 MB.
System memory in use after: 50.2 MB.

Unloading 10 unused Assets to reduce memory usage. Loaded Objects now: 2307.
Total: 1.733600 ms (FindLiveObjects: 0.173000 ms CreateObjectMapping: 0.069000 ms MarkObjects: 1.406700 ms  DeleteObjects: 0.084100 ms)

========================================================================
Received Import Request.
  path: Assets/Scenes/Menu.unity
  artifactKey: Guid(580f68a2e67433f4893999242a19d2ed) Importer(815301076,1909f56bfc062723c751e8b465ee728b)
Start importing Assets/Scenes/Menu.unity using Guid(580f68a2e67433f4893999242a19d2ed) Importer(815301076,1909f56bfc062723c751e8b465ee728b)  -> (artifact id: '4ad83d34d9ca9345ea02e4fd809fbcc7') in 0.008886 seconds
  Import took 0.018757 seconds .

========================================================================
Received Import Request.
  Time since last request: 0.007080 seconds.
  path: Assets/Scenes/Menu.unity
  artifactKey: Guid(580f68a2e67433f4893999242a19d2ed) Importer(815301076,1909f56bfc062723c751e8b465ee728b)
Start importing Assets/Scenes/Menu.unity using Guid(580f68a2e67433f4893999242a19d2ed) Importer(815301076,1909f56bfc062723c751e8b465ee728b)  -> (artifact id: '4ad83d34d9ca9345ea02e4fd809fbcc7') in 0.002024 seconds
  Import took 0.005028 seconds .

========================================================================
Received Import Request.
  Time since last request: 28.478404 seconds.
  path: Assets/Scripts/Frog.cs
  artifactKey: Guid(ab1491cf632850a4882a45fd6faea5e1) Importer(815301076,1909f56bfc062723c751e8b465ee728b)
Start importing Assets/Scripts/Frog.cs using Guid(ab1491cf632850a4882a45fd6faea5e1) Importer(815301076,1909f56bfc062723c751e8b465ee728b)  -> (artifact id: '359401c2caa07f2d58389d7d5494f3e2') in 0.030051 seconds
  Import took 0.032641 seconds .

========================================================================
Received Import Request.
  Time since last request: 0.001945 seconds.
  path: Assets/Scripts/Frog.cs
  artifactKey: Guid(ab1491cf632850a4882a45fd6faea5e1) Importer(815301076,1909f56bfc062723c751e8b465ee728b)
Start importing Assets/Scripts/Frog.cs using Guid(ab1491cf632850a4882a45fd6faea5e1) Importer(815301076,1909f56bfc062723c751e8b465ee728b)  -> (artifact id: '359401c2caa07f2d58389d7d5494f3e2') in 0.001904 seconds
  Import took 0.004761 seconds .

========================================================================
Received Prepare
Registering precompiled user dll's ...
Registered in 0.001233 seconds.
Begin MonoManager ReloadAssembly
Native extension for WindowsStandalone target not found
Refreshing native plugins compatible for Editor in 0.32 ms, found 1 plugins.
Preloading 0 native plugins for Editor in 0.00 ms.
Invoked RoslynAnalysisRunner static constructor.
RoslynAnalysisRunner will not be running.
RoslynAnalysisRunner has terminated.
Mono: successfully reloaded assembly
- Completed reload, in  0.900 seconds
Platform modules already initialized, skipping
Refreshing native plugins compatible for Editor in 0.32 ms, found 1 plugins.
Preloading 0 native plugins for Editor in 0.00 ms.
Unloading 1845 Unused Serialized files (Serialized files now loaded: 0)
System memory in use before: 86.7 MB.
System memory in use after: 86.6 MB.

Unloading 12 unused Assets to reduce memory usage. Loaded Objects now: 2311.
Total: 1.932200 ms (FindLiveObjects: 0.211200 ms CreateObjectMapping: 0.070700 ms MarkObjects: 1.545700 ms  DeleteObjects: 0.103100 ms)

========================================================================
Received Import Request.
  Time since last request: 423.732412 seconds.
  path: Assets/Prefabs/BasePrefab.prefab
  artifactKey: Guid(89d10f3d262648f4c8cbf647e7530d5f) Importer(815301076,1909f56bfc062723c751e8b465ee728b)
Start importing Assets/Prefabs/BasePrefab.prefab using Guid(89d10f3d262648f4c8cbf647e7530d5f) Importer(815301076,1909f56bfc062723c751e8b465ee728b)  -> (artifact id: '535cdc8439f0393912a8c65bb7f2fbe4') in 0.069872 seconds
  Import took 0.072630 seconds .

========================================================================
Received Import Request.
  Time since last request: 0.000303 seconds.
  path: Assets/Prefabs/treePrefab.prefab
  artifactKey: Guid(2f64dea2a5f3ab44b9b99d14486d4eab) Importer(815301076,1909f56bfc062723c751e8b465ee728b)
Start importing Assets/Prefabs/treePrefab.prefab using Guid(2f64dea2a5f3ab44b9b99d14486d4eab) Importer(815301076,1909f56bfc062723c751e8b465ee728b)  -> (artifact id: '95acb78bcae8e4a0eeeb5b6fab46bc32') in 0.007966 seconds
  Import took 0.010462 seconds .

========================================================================
Received Import Request.
  Time since last request: 0.000292 seconds.
  path: Assets/Prefabs/turtlePrefab.prefab
  artifactKey: Guid(00f3432e06e13164e94bfb17fc6efcc3) Importer(815301076,1909f56bfc062723c751e8b465ee728b)
Start importing Assets/Prefabs/turtlePrefab.prefab using Guid(00f3432e06e13164e94bfb17fc6efcc3) Importer(815301076,1909f56bfc062723c751e8b465ee728b)  -> (artifact id: '16472297c1510a32300e58ad36b83066') in 0.007580 seconds
  Import took 0.010298 seconds .

========================================================================
Received Import Request.
  Time since last request: 0.000302 seconds.
  path: Assets/Prefabs/CarPrefab.prefab
  artifactKey: Guid(93a86710c1ca909438a911f6d7613bfb) Importer(815301076,1909f56bfc062723c751e8b465ee728b)
Start importing Assets/Prefabs/CarPrefab.prefab using Guid(93a86710c1ca909438a911f6d7613bfb) Importer(815301076,1909f56bfc062723c751e8b465ee728b)  -> (artifact id: 'a87a65715fe014d9e8ab5bc4d524dced') in 0.008952 seconds
  Import took 0.011614 seconds .

========================================================================
Received Import Request.
  Time since last request: 0.000307 seconds.
  path: Assets/Prefabs/FrogPrefab.prefab
  artifactKey: Guid(3ad497b6016246d47ae335824cc092fa) Importer(815301076,1909f56bfc062723c751e8b465ee728b)
Start importing Assets/Prefabs/FrogPrefab.prefab using Guid(3ad497b6016246d47ae335824cc092fa) Importer(815301076,1909f56bfc062723c751e8b465ee728b)  -> (artifact id: 'c1af1d4f4e6b94a1717cb94cabd03480') in 0.012737 seconds
  Import took 0.015504 seconds .

========================================================================
Received Import Request.
  Time since last request: 0.000225 seconds.
  path: Assets/Prefabs/DeathFieldPrefab.prefab
  artifactKey: Guid(d97f39461900df64ba7e7cc6d1531391) Importer(815301076,1909f56bfc062723c751e8b465ee728b)
Start importing Assets/Prefabs/DeathFieldPrefab.prefab using Guid(d97f39461900df64ba7e7cc6d1531391) Importer(815301076,1909f56bfc062723c751e8b465ee728b)  -> (artifact id: 'a79c67da75bf6bfb2a4239987c306429') in 0.008020 seconds
  Import took 0.013700 seconds .

========================================================================
Received Prepare
Registering precompiled user dll's ...
Registered in 0.001043 seconds.
Begin MonoManager ReloadAssembly
Native extension for WindowsStandalone target not found
Refreshing native plugins compatible for Editor in 0.31 ms, found 1 plugins.
Preloading 0 native plugins for Editor in 0.00 ms.
Invoked RoslynAnalysisRunner static constructor.
RoslynAnalysisRunner will not be running.
RoslynAnalysisRunner has terminated.
Mono: successfully reloaded assembly
- Completed reload, in  0.704 seconds
Platform modules already initialized, skipping
Refreshing native plugins compatible for Editor in 0.31 ms, found 1 plugins.
Preloading 0 native plugins for Editor in 0.00 ms.
Unloading 1845 Unused Serialized files (Serialized files now loaded: 0)
System memory in use before: 89.8 MB.
System memory in use after: 89.8 MB.

Unloading 12 unused Assets to reduce memory usage. Loaded Objects now: 2322.
Total: 1.605500 ms (FindLiveObjects: 0.140200 ms CreateObjectMapping: 0.051200 ms MarkObjects: 1.328300 ms  DeleteObjects: 0.084800 ms)

========================================================================
Received Import Request.
  Time since last request: 25.166234 seconds.
  path: Assets/Prefabs/FrogPrefab.prefab
  artifactKey: Guid(3ad497b6016246d47ae335824cc092fa) Importer(815301076,1909f56bfc062723c751e8b465ee728b)
Start importing Assets/Prefabs/FrogPrefab.prefab using Guid(3ad497b6016246d47ae335824cc092fa) Importer(815301076,1909f56bfc062723c751e8b465ee728b)  -> (artifact id: '2cc25c379a2da623479d18561cd48d13') in 0.047742 seconds
  Import took 0.050645 seconds .

========================================================================
Received Import Request.
  Time since last request: 2.319142 seconds.
  path: Assets/Prefabs/FrogPrefab.prefab
  artifactKey: Guid(3ad497b6016246d47ae335824cc092fa) Importer(815301076,1909f56bfc062723c751e8b465ee728b)
Start importing Assets/Prefabs/FrogPrefab.prefab using Guid(3ad497b6016246d47ae335824cc092fa) Importer(815301076,1909f56bfc062723c751e8b465ee728b)  -> (artifact id: '7a55f3962e764e49e3bec428a69fdfed') in 0.009003 seconds
  Import took 0.011772 seconds .

========================================================================
Received Prepare
Registering precompiled user dll's ...
Registered in 0.001141 seconds.
Begin MonoManager ReloadAssembly
Native extension for WindowsStandalone target not found
Refreshing native plugins compatible for Editor in 0.31 ms, found 1 plugins.
Preloading 0 native plugins for Editor in 0.00 ms.
Invoked RoslynAnalysisRunner static constructor.
RoslynAnalysisRunner will not be running.
RoslynAnalysisRunner has terminated.
Mono: successfully reloaded assembly
- Completed reload, in  0.796 seconds
Platform modules already initialized, skipping
Refreshing native plugins compatible for Editor in 0.31 ms, found 1 plugins.
Preloading 0 native plugins for Editor in 0.00 ms.
Unloading 1845 Unused Serialized files (Serialized files now loaded: 0)
System memory in use before: 89.9 MB.
System memory in use after: 89.8 MB.

Unloading 12 unused Assets to reduce memory usage. Loaded Objects now: 2327.
Total: 1.733200 ms (FindLiveObjects: 0.149700 ms CreateObjectMapping: 0.051200 ms MarkObjects: 1.445200 ms  DeleteObjects: 0.086400 ms)

========================================================================
Received Import Request.
  Time since last request: 284.326691 seconds.
  path: Assets/Scripts/MainMenu.cs
  artifactKey: Guid(90b1150e3cd4f6a4cac73ffd5e110f55) Importer(815301076,1909f56bfc062723c751e8b465ee728b)
Start importing Assets/Scripts/MainMenu.cs using Guid(90b1150e3cd4f6a4cac73ffd5e110f55) Importer(815301076,1909f56bfc062723c751e8b465ee728b)  -> (artifact id: '2ec418416ad8e7760139e12cbf3409be') in 0.005705 seconds
  Import took 0.008999 seconds .

========================================================================
Received Import Request.
  Time since last request: 1.159156 seconds.
  path: Assets/Scripts/Frog.cs
  artifactKey: Guid(ab1491cf632850a4882a45fd6faea5e1) Importer(815301076,1909f56bfc062723c751e8b465ee728b)
Start importing Assets/Scripts/Frog.cs using Guid(ab1491cf632850a4882a45fd6faea5e1) Importer(815301076,1909f56bfc062723c751e8b465ee728b)  -> (artifact id: '279aefed3b88a0d4949168c95de65a36') in 0.002027 seconds
  Import took 0.004621 seconds .

========================================================================
Received Import Request.
  Time since last request: 0.002745 seconds.
  path: Assets/Scripts/Frog.cs
  artifactKey: Guid(ab1491cf632850a4882a45fd6faea5e1) Importer(815301076,1909f56bfc062723c751e8b465ee728b)
Start importing Assets/Scripts/Frog.cs using Guid(ab1491cf632850a4882a45fd6faea5e1) Importer(815301076,1909f56bfc062723c751e8b465ee728b)  -> (artifact id: '279aefed3b88a0d4949168c95de65a36') in 0.002504 seconds
  Import took 0.005472 seconds .

========================================================================
Received Import Request.
  Time since last request: 0.450280 seconds.
  path: Assets/Scripts/Dive.cs
  artifactKey: Guid(951250e11f46d3144a6ca10a6146619a) Importer(815301076,1909f56bfc062723c751e8b465ee728b)
Start importing Assets/Scripts/Dive.cs using Guid(951250e11f46d3144a6ca10a6146619a) Importer(815301076,1909f56bfc062723c751e8b465ee728b)  -> (artifact id: '5f2ff10907bc21bbe692992e65fbe491') in 0.002348 seconds
  Import took 0.005269 seconds .

========================================================================
Received Import Request.
  Time since last request: 2.009893 seconds.
  path: Assets/Scripts/WaterAnimation.cs
  artifactKey: Guid(550df34f0a3f8e742946b5b75351a080) Importer(815301076,1909f56bfc062723c751e8b465ee728b)
Start importing Assets/Scripts/WaterAnimation.cs using Guid(550df34f0a3f8e742946b5b75351a080) Importer(815301076,1909f56bfc062723c751e8b465ee728b)  -> (artifact id: '93cf46a7309f9d5bb469c36aac9f9e5e') in 0.003000 seconds
  Import took 0.005535 seconds .

========================================================================
Received Import Request.
  Time since last request: 1.258885 seconds.
  path: Assets/Scripts/TImer.cs
  artifactKey: Guid(a06bea0b27f269b41b73f3c8400b7dd9) Importer(815301076,1909f56bfc062723c751e8b465ee728b)
Start importing Assets/Scripts/TImer.cs using Guid(a06bea0b27f269b41b73f3c8400b7dd9) Importer(815301076,1909f56bfc062723c751e8b465ee728b)  -> (artifact id: 'be7f0a5fb2c903419d451579d875e3f0') in 0.002494 seconds
  Import took 0.005282 seconds .

========================================================================
Received Import Request.
  Time since last request: 2.046685 seconds.
  path: Assets/Scripts/MoovingObject.cs
  artifactKey: Guid(5c07f32d4b1483e4db25104ac319bc78) Importer(815301076,1909f56bfc062723c751e8b465ee728b)
Start importing Assets/Scripts/MoovingObject.cs using Guid(5c07f32d4b1483e4db25104ac319bc78) Importer(815301076,1909f56bfc062723c751e8b465ee728b)  -> (artifact id: 'c94eb9b90cac7af69e822ff31e4ccabc') in 0.002474 seconds
  Import took 0.005025 seconds .

========================================================================
Received Prepare
Registering precompiled user dll's ...
Registered in 0.001123 seconds.
Begin MonoManager ReloadAssembly
Native extension for WindowsStandalone target not found
Refreshing native plugins compatible for Editor in 0.32 ms, found 1 plugins.
Preloading 0 native plugins for Editor in 0.00 ms.
Invoked RoslynAnalysisRunner static constructor.
RoslynAnalysisRunner will not be running.
RoslynAnalysisRunner has terminated.
Mono: successfully reloaded assembly
- Completed reload, in  0.727 seconds
Platform modules already initialized, skipping
Refreshing native plugins compatible for Editor in 0.31 ms, found 1 plugins.
Preloading 0 native plugins for Editor in 0.00 ms.
Unloading 1845 Unused Serialized files (Serialized files now loaded: 0)
System memory in use before: 89.9 MB.
System memory in use after: 89.9 MB.

Unloading 12 unused Assets to reduce memory usage. Loaded Objects now: 2331.
Total: 1.836900 ms (FindLiveObjects: 0.162800 ms CreateObjectMapping: 0.064000 ms MarkObjects: 1.437500 ms  DeleteObjects: 0.171700 ms)

========================================================================
Received Import Request.
  Time since last request: 25.154906 seconds.
  path: Assets/Scenes/GameScene.unity
  artifactKey: Guid(2cda990e2423bbf4892e6590ba056729) Importer(815301076,1909f56bfc062723c751e8b465ee728b)
Start importing Assets/Scenes/GameScene.unity using Guid(2cda990e2423bbf4892e6590ba056729) Importer(815301076,1909f56bfc062723c751e8b465ee728b)  -> (artifact id: '40e5d9a657712cbbfe8ce18c1ae9954c') in 0.010920 seconds
  Import took 0.013497 seconds .

========================================================================
Received Import Request.
  Time since last request: 184.918579 seconds.
  path: Assets/Scripts/GameManager.cs
  artifactKey: Guid(6ff8e270b5ed37f4886987dfd1d37d98) Importer(815301076,1909f56bfc062723c751e8b465ee728b)
Start importing Assets/Scripts/GameManager.cs using Guid(6ff8e270b5ed37f4886987dfd1d37d98) Importer(815301076,1909f56bfc062723c751e8b465ee728b)  -> (artifact id: '8f619bd8132b156b57aad2c80e85a143') in 0.002270 seconds
  Import took 0.006458 seconds .

========================================================================
Received Import Request.
  Time since last request: 0.002104 seconds.
  path: Assets/Scripts/GameManager.cs
  artifactKey: Guid(6ff8e270b5ed37f4886987dfd1d37d98) Importer(815301076,1909f56bfc062723c751e8b465ee728b)
Start importing Assets/Scripts/GameManager.cs using Guid(6ff8e270b5ed37f4886987dfd1d37d98) Importer(815301076,1909f56bfc062723c751e8b465ee728b)  -> (artifact id: '8f619bd8132b156b57aad2c80e85a143') in 0.002115 seconds
  Import took 0.004956 seconds .

========================================================================
Received Prepare
Registering precompiled user dll's ...
Registered in 0.001062 seconds.
Begin MonoManager ReloadAssembly
Native extension for WindowsStandalone target not found
Refreshing native plugins compatible for Editor in 0.39 ms, found 1 plugins.
Preloading 0 native plugins for Editor in 0.00 ms.
Invoked RoslynAnalysisRunner static constructor.
RoslynAnalysisRunner will not be running.
RoslynAnalysisRunner has terminated.
Mono: successfully reloaded assembly
- Completed reload, in  0.723 seconds
Platform modules already initialized, skipping
Refreshing native plugins compatible for Editor in 0.34 ms, found 1 plugins.
Preloading 0 native plugins for Editor in 0.00 ms.
Unloading 1845 Unused Serialized files (Serialized files now loaded: 0)
System memory in use before: 89.9 MB.
System memory in use after: 89.9 MB.

Unloading 12 unused Assets to reduce memory usage. Loaded Objects now: 2335.
Total: 1.966600 ms (FindLiveObjects: 0.172200 ms CreateObjectMapping: 0.061700 ms MarkObjects: 1.596700 ms  DeleteObjects: 0.135000 ms)

========================================================================
Received Prepare
Registering precompiled user dll's ...
Registered in 0.001171 seconds.
Begin MonoManager ReloadAssembly
Native extension for WindowsStandalone target not found
Refreshing native plugins compatible for Editor in 0.32 ms, found 1 plugins.
Preloading 0 native plugins for Editor in 0.00 ms.
Invoked RoslynAnalysisRunner static constructor.
RoslynAnalysisRunner will not be running.
RoslynAnalysisRunner has terminated.
Mono: successfully reloaded assembly
- Completed reload, in  1.293 seconds
Platform modules already initialized, skipping
Refreshing native plugins compatible for Editor in 0.72 ms, found 1 plugins.
Preloading 0 native plugins for Editor in 0.00 ms.
Unloading 1845 Unused Serialized files (Serialized files now loaded: 0)
System memory in use before: 89.9 MB.
System memory in use after: 89.9 MB.

Unloading 12 unused Assets to reduce memory usage. Loaded Objects now: 2339.
Total: 1.708400 ms (FindLiveObjects: 0.166500 ms CreateObjectMapping: 0.060700 ms MarkObjects: 1.382700 ms  DeleteObjects: 0.097800 ms)

========================================================================
Received Import Request.
  Time since last request: 2041.426005 seconds.
  path: Assets/Scripts/GameManager.cs
  artifactKey: Guid(6ff8e270b5ed37f4886987dfd1d37d98) Importer(815301076,1909f56bfc062723c751e8b465ee728b)
Start importing Assets/Scripts/GameManager.cs using Guid(6ff8e270b5ed37f4886987dfd1d37d98) Importer(815301076,1909f56bfc062723c751e8b465ee728b)  -> (artifact id: '12655a889aa5894a71c24e4971ac896d') in 0.003912 seconds
  Import took 0.006480 seconds .

========================================================================
Received Prepare
Registering precompiled user dll's ...
Registered in 0.001161 seconds.
Begin MonoManager ReloadAssembly
Native extension for WindowsStandalone target not found
Refreshing native plugins compatible for Editor in 0.32 ms, found 1 plugins.
Preloading 0 native plugins for Editor in 0.00 ms.
Invoked RoslynAnalysisRunner static constructor.
RoslynAnalysisRunner will not be running.
RoslynAnalysisRunner has terminated.
Mono: successfully reloaded assembly
- Completed reload, in  0.812 seconds
Platform modules already initialized, skipping
Refreshing native plugins compatible for Editor in 0.31 ms, found 1 plugins.
Preloading 0 native plugins for Editor in 0.00 ms.
Unloading 1845 Unused Serialized files (Serialized files now loaded: 0)
System memory in use before: 89.9 MB.
System memory in use after: 89.9 MB.

Unloading 12 unused Assets to reduce memory usage. Loaded Objects now: 2343.
Total: 1.766600 ms (FindLiveObjects: 0.160600 ms CreateObjectMapping: 0.064400 ms MarkObjects: 1.448800 ms  DeleteObjects: 0.092200 ms)

========================================================================
Received Prepare
Registering precompiled user dll's ...
Registered in 0.001001 seconds.
Begin MonoManager ReloadAssembly
Native extension for WindowsStandalone target not found
Refreshing native plugins compatible for Editor in 0.31 ms, found 1 plugins.
Preloading 0 native plugins for Editor in 0.00 ms.
Invoked RoslynAnalysisRunner static constructor.
RoslynAnalysisRunner will not be running.
RoslynAnalysisRunner has terminated.
Mono: successfully reloaded assembly
- Completed reload, in  0.715 seconds
Platform modules already initialized, skipping
Refreshing native plugins compatible for Editor in 0.31 ms, found 1 plugins.
Preloading 0 native plugins for Editor in 0.00 ms.
Unloading 1845 Unused Serialized files (Serialized files now loaded: 0)
System memory in use before: 89.9 MB.
System memory in use after: 89.9 MB.

Unloading 12 unused Assets to reduce memory usage. Loaded Objects now: 2347.
Total: 1.741100 ms (FindLiveObjects: 0.161800 ms CreateObjectMapping: 0.062800 ms MarkObjects: 1.424700 ms  DeleteObjects: 0.091000 ms)

========================================================================
Received Prepare
Registering precompiled user dll's ...
Registered in 0.001463 seconds.
Begin MonoManager ReloadAssembly
Native extension for WindowsStandalone target not found
Refreshing native plugins compatible for Editor in 0.31 ms, found 1 plugins.
Preloading 0 native plugins for Editor in 0.00 ms.
Invoked RoslynAnalysisRunner static constructor.
RoslynAnalysisRunner will not be running.
RoslynAnalysisRunner has terminated.
Mono: successfully reloaded assembly
- Completed reload, in  0.715 seconds
Platform modules already initialized, skipping
Refreshing native plugins compatible for Editor in 0.31 ms, found 1 plugins.
Preloading 0 native plugins for Editor in 0.00 ms.
Unloading 1845 Unused Serialized files (Serialized files now loaded: 0)
System memory in use before: 89.9 MB.
System memory in use after: 89.9 MB.

Unloading 12 unused Assets to reduce memory usage. Loaded Objects now: 2351.
Total: 1.747300 ms (FindLiveObjects: 0.149800 ms CreateObjectMapping: 0.057300 ms MarkObjects: 1.449000 ms  DeleteObjects: 0.090600 ms)

========================================================================
Received Prepare
Registering precompiled user dll's ...
Registered in 0.001073 seconds.
Begin MonoManager ReloadAssembly
Native extension for WindowsStandalone target not found
Refreshing native plugins compatible for Editor in 0.32 ms, found 1 plugins.
Preloading 0 native plugins for Editor in 0.00 ms.
Invoked RoslynAnalysisRunner static constructor.
RoslynAnalysisRunner will not be running.
RoslynAnalysisRunner has terminated.
Mono: successfully reloaded assembly
- Completed reload, in  0.741 seconds
Platform modules already initialized, skipping
Refreshing native plugins compatible for Editor in 0.35 ms, found 1 plugins.
Preloading 0 native plugins for Editor in 0.00 ms.
Unloading 1845 Unused Serialized files (Serialized files now loaded: 0)
System memory in use before: 89.9 MB.
System memory in use after: 89.9 MB.

Unloading 12 unused Assets to reduce memory usage. Loaded Objects now: 2355.
Total: 1.715200 ms (FindLiveObjects: 0.170900 ms CreateObjectMapping: 0.067600 ms MarkObjects: 1.379100 ms  DeleteObjects: 0.096700 ms)

========================================================================
Received Prepare
Registering precompiled user dll's ...
Registered in 0.001042 seconds.
Begin MonoManager ReloadAssembly
Native extension for WindowsStandalone target not found
Refreshing native plugins compatible for Editor in 0.33 ms, found 1 plugins.
Preloading 0 native plugins for Editor in 0.00 ms.
Invoked RoslynAnalysisRunner static constructor.
RoslynAnalysisRunner will not be running.
RoslynAnalysisRunner has terminated.
Mono: successfully reloaded assembly
- Completed reload, in  1.345 seconds
Platform modules already initialized, skipping
Refreshing native plugins compatible for Editor in 0.31 ms, found 1 plugins.
Preloading 0 native plugins for Editor in 0.00 ms.
Unloading 1845 Unused Serialized files (Serialized files now loaded: 0)
System memory in use before: 89.9 MB.
System memory in use after: 89.9 MB.

Unloading 12 unused Assets to reduce memory usage. Loaded Objects now: 2359.
Total: 1.678400 ms (FindLiveObjects: 0.158600 ms CreateObjectMapping: 0.058200 ms MarkObjects: 1.366100 ms  DeleteObjects: 0.094300 ms)

========================================================================
Received Prepare
Registering precompiled user dll's ...
Registered in 0.001055 seconds.
Begin MonoManager ReloadAssembly
Native extension for WindowsStandalone target not found
Refreshing native plugins compatible for Editor in 0.31 ms, found 1 plugins.
Preloading 0 native plugins for Editor in 0.00 ms.
Invoked RoslynAnalysisRunner static constructor.
RoslynAnalysisRunner will not be running.
RoslynAnalysisRunner has terminated.
Mono: successfully reloaded assembly
- Completed reload, in  0.816 seconds
Platform modules already initialized, skipping
Refreshing native plugins compatible for Editor in 0.31 ms, found 1 plugins.
Preloading 0 native plugins for Editor in 0.00 ms.
Unloading 1845 Unused Serialized files (Serialized files now loaded: 0)
System memory in use before: 90.0 MB.
System memory in use after: 89.9 MB.

Unloading 12 unused Assets to reduce memory usage. Loaded Objects now: 2363.
Total: 1.799200 ms (FindLiveObjects: 0.160000 ms CreateObjectMapping: 0.063000 ms MarkObjects: 1.476700 ms  DeleteObjects: 0.098700 ms)

========================================================================
Received Import Request.
  Time since last request: 1750.457972 seconds.
  path: Assets/Scripts/MoovingObject.cs
  artifactKey: Guid(5c07f32d4b1483e4db25104ac319bc78) Importer(815301076,1909f56bfc062723c751e8b465ee728b)
Start importing Assets/Scripts/MoovingObject.cs using Guid(5c07f32d4b1483e4db25104ac319bc78) Importer(815301076,1909f56bfc062723c751e8b465ee728b)  -> (artifact id: '350649d7c901795de51bba7f0ed19e36') in 0.003895 seconds
  Import took 0.006330 seconds .

========================================================================
Received Prepare
Registering precompiled user dll's ...
Registered in 0.001088 seconds.
Begin MonoManager ReloadAssembly
Native extension for WindowsStandalone target not found
Refreshing native plugins compatible for Editor in 0.31 ms, found 1 plugins.
Preloading 0 native plugins for Editor in 0.00 ms.
Invoked RoslynAnalysisRunner static constructor.
RoslynAnalysisRunner will not be running.
RoslynAnalysisRunner has terminated.
Mono: successfully reloaded assembly
- Completed reload, in  0.849 seconds
Platform modules already initialized, skipping
Refreshing native plugins compatible for Editor in 0.31 ms, found 1 plugins.
Preloading 0 native plugins for Editor in 0.00 ms.
Unloading 1845 Unused Serialized files (Serialized files now loaded: 0)
System memory in use before: 90.0 MB.
System memory in use after: 90.0 MB.

Unloading 12 unused Assets to reduce memory usage. Loaded Objects now: 2367.
Total: 1.818900 ms (FindLiveObjects: 0.224100 ms CreateObjectMapping: 0.055600 ms MarkObjects: 1.444400 ms  DeleteObjects: 0.094000 ms)

========================================================================
Received Prepare
Registering precompiled user dll's ...
Registered in 0.001090 seconds.
Begin MonoManager ReloadAssembly
Native extension for WindowsStandalone target not found
Refreshing native plugins compatible for Editor in 0.31 ms, found 1 plugins.
Preloading 0 native plugins for Editor in 0.00 ms.
Invoked RoslynAnalysisRunner static constructor.
RoslynAnalysisRunner will not be running.
RoslynAnalysisRunner has terminated.
Mono: successfully reloaded assembly
- Completed reload, in  0.720 seconds
Platform modules already initialized, skipping
Refreshing native plugins compatible for Editor in 0.32 ms, found 1 plugins.
Preloading 0 native plugins for Editor in 0.00 ms.
Unloading 1845 Unused Serialized files (Serialized files now loaded: 0)
System memory in use before: 90.0 MB.
System memory in use after: 90.0 MB.

Unloading 12 unused Assets to reduce memory usage. Loaded Objects now: 2371.
Total: 1.722500 ms (FindLiveObjects: 0.182600 ms CreateObjectMapping: 0.071500 ms MarkObjects: 1.369300 ms  DeleteObjects: 0.097900 ms)

========================================================================
Received Prepare
Registering precompiled user dll's ...
Registered in 0.001055 seconds.
Begin MonoManager ReloadAssembly
Native extension for WindowsStandalone target not found
Refreshing native plugins compatible for Editor in 0.41 ms, found 1 plugins.
Preloading 0 native plugins for Editor in 0.00 ms.
Invoked RoslynAnalysisRunner static constructor.
RoslynAnalysisRunner will not be running.
RoslynAnalysisRunner has terminated.
Mono: successfully reloaded assembly
- Completed reload, in  0.847 seconds
Platform modules already initialized, skipping
Refreshing native plugins compatible for Editor in 0.37 ms, found 1 plugins.
Preloading 0 native plugins for Editor in 0.00 ms.
Unloading 1845 Unused Serialized files (Serialized files now loaded: 0)
System memory in use before: 90.0 MB.
System memory in use after: 90.0 MB.

Unloading 12 unused Assets to reduce memory usage. Loaded Objects now: 2375.
Total: 21.311700 ms (FindLiveObjects: 5.380700 ms CreateObjectMapping: 0.116400 ms MarkObjects: 15.426100 ms  DeleteObjects: 0.386300 ms)

========================================================================
Received Import Request.
  Time since last request: 919.678148 seconds.
  path: Assets/Scripts/Base.cs
  artifactKey: Guid(777710457a1169041b6f6d0441b1f5f9) Importer(815301076,1909f56bfc062723c751e8b465ee728b)
Start importing Assets/Scripts/Base.cs using Guid(777710457a1169041b6f6d0441b1f5f9) Importer(815301076,1909f56bfc062723c751e8b465ee728b)  -> (artifact id: '61f856b64b791a02aeb48db0de370137') in 0.013213 seconds
  Import took 0.022421 seconds .

========================================================================
Received Prepare
Registering precompiled user dll's ...
Registered in 0.001036 seconds.
Begin MonoManager ReloadAssembly
Native extension for WindowsStandalone target not found
Refreshing native plugins compatible for Editor in 0.32 ms, found 1 plugins.
Preloading 0 native plugins for Editor in 0.00 ms.
Invoked RoslynAnalysisRunner static constructor.
RoslynAnalysisRunner will not be running.
RoslynAnalysisRunner has terminated.
Mono: successfully reloaded assembly
- Completed reload, in  0.812 seconds
Platform modules already initialized, skipping
Refreshing native plugins compatible for Editor in 0.31 ms, found 1 plugins.
Preloading 0 native plugins for Editor in 0.00 ms.
Unloading 1845 Unused Serialized files (Serialized files now loaded: 0)
System memory in use before: 90.0 MB.
System memory in use after: 90.0 MB.

Unloading 12 unused Assets to reduce memory usage. Loaded Objects now: 2379.
Total: 1.742000 ms (FindLiveObjects: 0.159000 ms CreateObjectMapping: 0.058600 ms MarkObjects: 1.431100 ms  DeleteObjects: 0.092600 ms)

========================================================================
Received Prepare
Registering precompiled user dll's ...
Registered in 0.001071 seconds.
Begin MonoManager ReloadAssembly
Native extension for WindowsStandalone target not found
Refreshing native plugins compatible for Editor in 0.31 ms, found 1 plugins.
Preloading 0 native plugins for Editor in 0.00 ms.
Invoked RoslynAnalysisRunner static constructor.
RoslynAnalysisRunner will not be running.
RoslynAnalysisRunner has terminated.
Mono: successfully reloaded assembly
- Completed reload, in  0.710 seconds
Platform modules already initialized, skipping
Refreshing native plugins compatible for Editor in 0.31 ms, found 1 plugins.
Preloading 0 native plugins for Editor in 0.00 ms.
Unloading 1845 Unused Serialized files (Serialized files now loaded: 0)
System memory in use before: 90.0 MB.
System memory in use after: 90.0 MB.

Unloading 12 unused Assets to reduce memory usage. Loaded Objects now: 2383.
Total: 1.855200 ms (FindLiveObjects: 0.182600 ms CreateObjectMapping: 0.098700 ms MarkObjects: 1.483200 ms  DeleteObjects: 0.089900 ms)

========================================================================
Received Prepare
Registering precompiled user dll's ...
Registered in 0.001046 seconds.
Begin MonoManager ReloadAssembly
Native extension for WindowsStandalone target not found
Refreshing native plugins compatible for Editor in 0.41 ms, found 1 plugins.
Preloading 0 native plugins for Editor in 0.00 ms.
Invoked RoslynAnalysisRunner static constructor.
RoslynAnalysisRunner will not be running.
RoslynAnalysisRunner has terminated.
Mono: successfully reloaded assembly
- Completed reload, in  0.798 seconds
Platform modules already initialized, skipping
Refreshing native plugins compatible for Editor in 0.31 ms, found 1 plugins.
Preloading 0 native plugins for Editor in 0.00 ms.
Unloading 1845 Unused Serialized files (Serialized files now loaded: 0)
System memory in use before: 90.0 MB.
System memory in use after: 90.0 MB.

Unloading 12 unused Assets to reduce memory usage. Loaded Objects now: 2387.
Total: 1.738100 ms (FindLiveObjects: 0.168300 ms CreateObjectMapping: 0.060100 ms MarkObjects: 1.414900 ms  DeleteObjects: 0.094100 ms)

========================================================================
Received Prepare
Registering precompiled user dll's ...
Registered in 0.001067 seconds.
Begin MonoManager ReloadAssembly
Native extension for WindowsStandalone target not found
Refreshing native plugins compatible for Editor in 0.32 ms, found 1 plugins.
Preloading 0 native plugins for Editor in 0.00 ms.
Invoked RoslynAnalysisRunner static constructor.
RoslynAnalysisRunner will not be running.
RoslynAnalysisRunner has terminated.
Mono: successfully reloaded assembly
- Completed reload, in  0.793 seconds
Platform modules already initialized, skipping
Refreshing native plugins compatible for Editor in 0.32 ms, found 1 plugins.
Preloading 0 native plugins for Editor in 0.00 ms.
Unloading 1845 Unused Serialized files (Serialized files now loaded: 0)
System memory in use before: 90.0 MB.
System memory in use after: 90.0 MB.

Unloading 12 unused Assets to reduce memory usage. Loaded Objects now: 2391.
Total: 1.802200 ms (FindLiveObjects: 0.146900 ms CreateObjectMapping: 0.052800 ms MarkObjects: 1.507500 ms  DeleteObjects: 0.094200 ms)

========================================================================
Received Prepare
Registering precompiled user dll's ...
Registered in 0.001082 seconds.
Begin MonoManager ReloadAssembly
Native extension for WindowsStandalone target not found
Refreshing native plugins compatible for Editor in 0.31 ms, found 1 plugins.
Preloading 0 native plugins for Editor in 0.00 ms.
Invoked RoslynAnalysisRunner static constructor.
RoslynAnalysisRunner will not be running.
RoslynAnalysisRunner has terminated.
Mono: successfully reloaded assembly
- Completed reload, in  0.694 seconds
Platform modules already initialized, skipping
Refreshing native plugins compatible for Editor in 0.31 ms, found 1 plugins.
Preloading 0 native plugins for Editor in 0.00 ms.
Unloading 1845 Unused Serialized files (Serialized files now loaded: 0)
System memory in use before: 90.0 MB.
System memory in use after: 90.0 MB.

Unloading 12 unused Assets to reduce memory usage. Loaded Objects now: 2395.
Total: 1.988300 ms (FindLiveObjects: 0.198000 ms CreateObjectMapping: 0.127900 ms MarkObjects: 1.568500 ms  DeleteObjects: 0.092900 ms)

========================================================================
Received Prepare
Registering precompiled user dll's ...
Registered in 0.001046 seconds.
Begin MonoManager ReloadAssembly
Native extension for WindowsStandalone target not found
Refreshing native plugins compatible for Editor in 0.31 ms, found 1 plugins.
Preloading 0 native plugins for Editor in 0.00 ms.
Invoked RoslynAnalysisRunner static constructor.
RoslynAnalysisRunner will not be running.
RoslynAnalysisRunner has terminated.
Mono: successfully reloaded assembly
- Completed reload, in  0.691 seconds
Platform modules already initialized, skipping
Refreshing native plugins compatible for Editor in 0.31 ms, found 1 plugins.
Preloading 0 native plugins for Editor in 0.00 ms.
Unloading 1845 Unused Serialized files (Serialized files now loaded: 0)
System memory in use before: 90.0 MB.
System memory in use after: 90.0 MB.

Unloading 12 unused Assets to reduce memory usage. Loaded Objects now: 2399.
Total: 1.947000 ms (FindLiveObjects: 0.200900 ms CreateObjectMapping: 0.085000 ms MarkObjects: 1.547600 ms  DeleteObjects: 0.112500 ms)

========================================================================
Received Prepare
Registering precompiled user dll's ...
Registered in 0.001082 seconds.
Begin MonoManager ReloadAssembly
Native extension for WindowsStandalone target not found
Refreshing native plugins compatible for Editor in 0.37 ms, found 1 plugins.
Preloading 0 native plugins for Editor in 0.00 ms.
Invoked RoslynAnalysisRunner static constructor.
RoslynAnalysisRunner will not be running.
RoslynAnalysisRunner has terminated.
Mono: successfully reloaded assembly
- Completed reload, in  1.010 seconds
Platform modules already initialized, skipping
Refreshing native plugins compatible for Editor in 1.42 ms, found 1 plugins.
Preloading 0 native plugins for Editor in 0.00 ms.
Unloading 1845 Unused Serialized files (Serialized files now loaded: 0)
System memory in use before: 90.0 MB.
System memory in use after: 90.0 MB.

Unloading 12 unused Assets to reduce memory usage. Loaded Objects now: 2403.
Total: 1.796700 ms (FindLiveObjects: 0.192700 ms CreateObjectMapping: 0.072600 ms MarkObjects: 1.435900 ms  DeleteObjects: 0.094600 ms)

========================================================================
Received Prepare
Registering precompiled user dll's ...
Registered in 0.001213 seconds.
Begin MonoManager ReloadAssembly
Native extension for WindowsStandalone target not found
Refreshing native plugins compatible for Editor in 0.32 ms, found 1 plugins.
Preloading 0 native plugins for Editor in 0.00 ms.
Invoked RoslynAnalysisRunner static constructor.
RoslynAnalysisRunner will not be running.
RoslynAnalysisRunner has terminated.
Mono: successfully reloaded assembly
- Completed reload, in  0.808 seconds
Platform modules already initialized, skipping
Refreshing native plugins compatible for Editor in 0.36 ms, found 1 plugins.
Preloading 0 native plugins for Editor in 0.00 ms.
Unloading 1845 Unused Serialized files (Serialized files now loaded: 0)
System memory in use before: 90.1 MB.
System memory in use after: 90.0 MB.

Unloading 12 unused Assets to reduce memory usage. Loaded Objects now: 2407.
Total: 1.778800 ms (FindLiveObjects: 0.169800 ms CreateObjectMapping: 0.058400 ms MarkObjects: 1.453700 ms  DeleteObjects: 0.096200 ms)

========================================================================
Received Prepare
Refreshing native plugins compatible for Editor in 1.82 ms, found 1 plugins.
Preloading 0 native plugins for Editor in 0.00 ms.
Unloading 10 Unused Serialized files (Serialized files now loaded: 0)
System memory in use before: 53.8 MB.
System memory in use after: 53.8 MB.

Unloading 10 unused Assets to reduce memory usage. Loaded Objects now: 2407.
Total: 1.995200 ms (FindLiveObjects: 0.194200 ms CreateObjectMapping: 0.066900 ms MarkObjects: 1.634300 ms  DeleteObjects: 0.099000 ms)

========================================================================
Received Prepare
Refreshing native plugins compatible for Editor in 1.83 ms, found 1 plugins.
Preloading 0 native plugins for Editor in 0.00 ms.
Unloading 10 Unused Serialized files (Serialized files now loaded: 0)
System memory in use before: 53.8 MB.
System memory in use after: 53.8 MB.

Unloading 10 unused Assets to reduce memory usage. Loaded Objects now: 2407.
Total: 1.897600 ms (FindLiveObjects: 0.196400 ms CreateObjectMapping: 0.083900 ms MarkObjects: 1.521500 ms  DeleteObjects: 0.095000 ms)

========================================================================
Received Prepare
Refreshing native plugins compatible for Editor in 1.84 ms, found 1 plugins.
Preloading 0 native plugins for Editor in 0.00 ms.
Unloading 10 Unused Serialized files (Serialized files now loaded: 0)
System memory in use before: 53.8 MB.
System memory in use after: 53.8 MB.

Unloading 10 unused Assets to reduce memory usage. Loaded Objects now: 2407.
Total: 2.215800 ms (FindLiveObjects: 0.292500 ms CreateObjectMapping: 0.105900 ms MarkObjects: 1.707100 ms  DeleteObjects: 0.108700 ms)

========================================================================
Received Prepare
Refreshing native plugins compatible for Editor in 1.95 ms, found 1 plugins.
Preloading 0 native plugins for Editor in 0.00 ms.
Unloading 10 Unused Serialized files (Serialized files now loaded: 0)
System memory in use before: 53.8 MB.
System memory in use after: 53.8 MB.

Unloading 10 unused Assets to reduce memory usage. Loaded Objects now: 2407.
Total: 2.223200 ms (FindLiveObjects: 0.259700 ms CreateObjectMapping: 0.115600 ms MarkObjects: 1.742000 ms  DeleteObjects: 0.097900 ms)

AssetImportWorkerClient::OnTransportError - code=2 error=End of file
